2016-11-15 12:40:11,005 INFO [localhost-startStop-1] o.s.w.c.ContextLoader [ContextLoader.java:285] Root WebApplicationContext: initialization started
2016-11-15 12:40:11,066 INFO [localhost-startStop-1] o.s.w.c.s.XmlWebApplicationContext [AbstractApplicationContext.java:510] Refreshing Root WebApplicationContext: startup date [Tue Nov 15 12:40:11 CET 2016]; root of context hierarchy
2016-11-15 12:40:11,095 INFO [localhost-startStop-1] o.s.b.f.x.XmlBeanDefinitionReader [XmlBeanDefinitionReader.java:317] Loading XML bean definitions from class path resource [spring/business-config.xml]
2016-11-15 12:40:11,169 INFO [localhost-startStop-1] o.s.w.c.ContextLoader [ContextLoader.java:325] Root WebApplicationContext: initialization completed in 161 ms
2016-11-15 12:40:11,202 INFO [localhost-startStop-1] o.s.w.s.DispatcherServlet [FrameworkServlet.java:485] FrameworkServlet 'dispatcherServlet': initialization started
2016-11-15 12:40:11,204 INFO [localhost-startStop-1] o.s.w.c.s.XmlWebApplicationContext [AbstractApplicationContext.java:510] Refreshing WebApplicationContext for namespace 'dispatcherServlet-servlet': startup date [Tue Nov 15 12:40:11 CET 2016]; parent: Root WebApplicationContext
2016-11-15 12:40:11,205 INFO [localhost-startStop-1] o.s.b.f.x.XmlBeanDefinitionReader [XmlBeanDefinitionReader.java:317] Loading XML bean definitions from class path resource [spring/mvc-core-config.xml]
2016-11-15 12:40:11,358 INFO [localhost-startStop-1] o.s.w.s.DispatcherServlet [FrameworkServlet.java:504] FrameworkServlet 'dispatcherServlet': initialization completed in 156 ms
2016-11-15 12:40:30,659 INFO [localhost-startStop-1] o.s.w.c.ContextLoader [ContextLoader.java:285] Root WebApplicationContext: initialization started
2016-11-15 12:40:30,744 INFO [localhost-startStop-1] o.s.w.c.s.XmlWebApplicationContext [AbstractApplicationContext.java:510] Refreshing Root WebApplicationContext: startup date [Tue Nov 15 12:40:30 CET 2016]; root of context hierarchy
2016-11-15 12:40:30,780 INFO [localhost-startStop-1] o.s.b.f.x.XmlBeanDefinitionReader [XmlBeanDefinitionReader.java:317] Loading XML bean definitions from class path resource [spring/business-config.xml]
2016-11-15 12:40:30,925 INFO [localhost-startStop-1] o.s.w.c.ContextLoader [ContextLoader.java:325] Root WebApplicationContext: initialization completed in 261 ms
2016-11-15 12:40:30,974 INFO [localhost-startStop-1] o.s.w.s.DispatcherServlet [FrameworkServlet.java:485] FrameworkServlet 'dispatcherServlet': initialization started
2016-11-15 12:40:30,977 INFO [localhost-startStop-1] o.s.w.c.s.XmlWebApplicationContext [AbstractApplicationContext.java:510] Refreshing WebApplicationContext for namespace 'dispatcherServlet-servlet': startup date [Tue Nov 15 12:40:30 CET 2016]; parent: Root WebApplicationContext
2016-11-15 12:40:30,978 INFO [localhost-startStop-1] o.s.b.f.x.XmlBeanDefinitionReader [XmlBeanDefinitionReader.java:317] Loading XML bean definitions from class path resource [spring/mvc-core-config.xml]
2016-11-15 12:40:31,108 INFO [localhost-startStop-1] o.s.w.s.DispatcherServlet [FrameworkServlet.java:504] FrameworkServlet 'dispatcherServlet': initialization completed in 134 ms
2016-11-15 12:41:09,271 WARN [http-bio-8080-exec-9] o.s.w.s.PageNotFound [DispatcherServlet.java:1136] No mapping found for HTTP request with URI [/servlet-showcase/] in DispatcherServlet with name 'dispatcherServlet'
2016-11-15 12:41:09,296 WARN [http-bio-8080-exec-6] o.s.w.s.PageNotFound [DispatcherServlet.java:1136] No mapping found for HTTP request with URI [/servlet-showcase/] in DispatcherServlet with name 'dispatcherServlet'
2016-11-15 12:41:09,424 WARN [http-bio-8080-exec-9] o.s.w.s.PageNotFound [DispatcherServlet.java:1136] No mapping found for HTTP request with URI [/servlet-showcase/] in DispatcherServlet with name 'dispatcherServlet'
2016-11-15 12:41:09,489 WARN [http-bio-8080-exec-1] o.s.w.s.PageNotFound [DispatcherServlet.java:1136] No mapping found for HTTP request with URI [/servlet-showcase/] in DispatcherServlet with name 'dispatcherServlet'
2016-11-15 12:41:15,439 WARN [http-bio-8080-exec-3] o.s.w.s.PageNotFound [DispatcherServlet.java:1136] No mapping found for HTTP request with URI [/servlet-showcase/] in DispatcherServlet with name 'dispatcherServlet'
2016-11-15 12:44:04,175 WARN [http-bio-8080-exec-5] o.s.w.s.PageNotFound [DispatcherServlet.java:1136] No mapping found for HTTP request with URI [/servlet-showcase/] in DispatcherServlet with name 'dispatcherServlet'
2016-11-15 12:47:10,310 WARN [http-bio-8080-exec-2] o.s.w.s.PageNotFound [DispatcherServlet.java:1136] No mapping found for HTTP request with URI [/servlet-showcase/] in DispatcherServlet with name 'dispatcherServlet'
2016-11-15 12:47:10,737 WARN [http-bio-8080-exec-2] o.s.w.s.PageNotFound [DispatcherServlet.java:1136] No mapping found for HTTP request with URI [/servlet-showcase/] in DispatcherServlet with name 'dispatcherServlet'
2016-11-15 12:47:32,996 WARN [http-bio-8080-exec-2] o.s.w.s.PageNotFound [DispatcherServlet.java:1136] No mapping found for HTTP request with URI [/servlet-showcase/] in DispatcherServlet with name 'dispatcherServlet'
2016-11-15 12:47:38,315 WARN [http-bio-8080-exec-2] o.s.w.s.PageNotFound [DispatcherServlet.java:1136] No mapping found for HTTP request with URI [/servlet-showcase/] in DispatcherServlet with name 'dispatcherServlet'
