2016-12-14 21:22:34,340 INFO [localhost-startStop-1] o.s.w.c.ContextLoader [ContextLoader.java:285] Root WebApplicationContext: initialization started
2016-12-14 21:22:34,396 INFO [localhost-startStop-1] o.s.w.c.s.XmlWebApplicationContext [AbstractApplicationContext.java:510] Refreshing Root WebApplicationContext: startup date [Wed Dec 14 21:22:34 CET 2016]; root of context hierarchy
2016-12-14 21:22:34,422 INFO [localhost-startStop-1] o.s.b.f.x.XmlBeanDefinitionReader [XmlBeanDefinitionReader.java:317] Loading XML bean definitions from class path resource [spring/business-config.xml]
2016-12-14 21:22:34,603 INFO [localhost-startStop-1] o.s.w.c.ContextLoader [ContextLoader.java:325] Root WebApplicationContext: initialization completed in 260 ms
2016-12-14 21:22:34,645 INFO [localhost-startStop-1] o.s.w.s.DispatcherServlet [FrameworkServlet.java:485] FrameworkServlet 'springDispatcher': initialization started
2016-12-14 21:22:34,647 INFO [localhost-startStop-1] o.s.w.c.s.XmlWebApplicationContext [AbstractApplicationContext.java:510] Refreshing WebApplicationContext for namespace 'springDispatcher-servlet': startup date [Wed Dec 14 21:22:34 CET 2016]; parent: Root WebApplicationContext
2016-12-14 21:22:34,655 INFO [localhost-startStop-1] o.s.b.f.x.XmlBeanDefinitionReader [XmlBeanDefinitionReader.java:317] Loading XML bean definitions from class path resource [spring/mvc-core-config.xml]
2016-12-14 21:22:34,693 INFO [localhost-startStop-1] o.s.b.f.x.XmlBeanDefinitionReader [XmlBeanDefinitionReader.java:317] Loading XML bean definitions from class path resource [spring/mvc-view-config.xml]
2016-12-14 21:22:35,100 INFO [localhost-startStop-1] o.s.w.s.m.m.a.RequestMappingHandlerMapping [AbstractHandlerMethodMapping.java:217] Mapped "{[/api/groups],methods=[GET]}" onto public java.util.List<mk.ukim.finki.wp.model.Group> mk.ukim.finki.wp.web.GroupController.findAll(javax.servlet.http.HttpSession)
2016-12-14 21:22:35,100 INFO [localhost-startStop-1] o.s.w.s.m.m.a.RequestMappingHandlerMapping [AbstractHandlerMethodMapping.java:217] Mapped "{[/api/groups/{id}],methods=[GET]}" onto public mk.ukim.finki.wp.model.Group mk.ukim.finki.wp.web.GroupController.findById(java.lang.Long,javax.servlet.http.HttpSession)
2016-12-14 21:22:35,101 INFO [localhost-startStop-1] o.s.w.s.m.m.a.RequestMappingHandlerMapping [AbstractHandlerMethodMapping.java:217] Mapped "{[/api/groups],methods=[PUT]}" onto public void mk.ukim.finki.wp.web.GroupController.update(mk.ukim.finki.wp.model.Group,javax.servlet.http.HttpSession)
2016-12-14 21:22:35,101 INFO [localhost-startStop-1] o.s.w.s.m.m.a.RequestMappingHandlerMapping [AbstractHandlerMethodMapping.java:217] Mapped "{[/api/groups/{id}],methods=[DELETE]}" onto public void mk.ukim.finki.wp.web.GroupController.delete(java.lang.Long,javax.servlet.http.HttpSession)
2016-12-14 21:22:35,101 INFO [localhost-startStop-1] o.s.w.s.m.m.a.RequestMappingHandlerMapping [AbstractHandlerMethodMapping.java:217] Mapped "{[/api/groups],methods=[POST]}" onto public void mk.ukim.finki.wp.web.GroupController.save(mk.ukim.finki.wp.model.Group,javax.servlet.http.HttpSession)
2016-12-14 21:22:35,102 INFO [localhost-startStop-1] o.s.w.s.m.m.a.RequestMappingHandlerMapping [AbstractHandlerMethodMapping.java:217] Mapped "{[/placeOrder],methods=[GET]}" onto public org.springframework.web.servlet.ModelAndView mk.ukim.finki.wp.web.PizzaOrderController.placeOrder(java.lang.String,java.lang.String,javax.servlet.http.HttpSession)
2016-12-14 21:22:35,102 INFO [localhost-startStop-1] o.s.w.s.m.m.a.RequestMappingHandlerMapping [AbstractHandlerMethodMapping.java:217] Mapped "{[/client],methods=[GET]}" onto public org.springframework.web.servlet.ModelAndView mk.ukim.finki.wp.web.PizzaOrderController.showClientInfo(java.lang.String,javax.servlet.http.HttpSession)
2016-12-14 21:22:35,102 INFO [localhost-startStop-1] o.s.w.s.m.m.a.RequestMappingHandlerMapping [AbstractHandlerMethodMapping.java:217] Mapped "{[],methods=[GET]}" onto public org.springframework.web.servlet.ModelAndView mk.ukim.finki.wp.web.PizzaOrderController.index()
2016-12-14 21:22:35,131 INFO [localhost-startStop-1] o.h.v.i.u.Version [Version.java:27] HV000001: Hibernate Validator 5.1.3.Final
2016-12-14 21:22:35,445 INFO [localhost-startStop-1] o.s.w.s.m.m.a.RequestMappingHandlerAdapter [RequestMappingHandlerAdapter.java:517] Looking for @ControllerAdvice: WebApplicationContext for namespace 'springDispatcher-servlet': startup date [Wed Dec 14 21:22:34 CET 2016]; parent: Root WebApplicationContext
2016-12-14 21:22:35,476 INFO [localhost-startStop-1] o.s.w.s.m.m.a.RequestMappingHandlerAdapter [RequestMappingHandlerAdapter.java:517] Looking for @ControllerAdvice: WebApplicationContext for namespace 'springDispatcher-servlet': startup date [Wed Dec 14 21:22:34 CET 2016]; parent: Root WebApplicationContext
2016-12-14 21:22:35,523 INFO [localhost-startStop-1] o.s.w.s.h.SimpleUrlHandlerMapping [AbstractUrlHandlerMapping.java:314] Mapped URL path [/**] onto handler 'org.springframework.web.servlet.resource.ResourceHttpRequestHandler#0'
2016-12-14 21:22:35,530 INFO [localhost-startStop-1] o.s.w.s.h.SimpleUrlHandlerMapping [AbstractUrlHandlerMapping.java:301] Root mapping to handler of type [class org.springframework.web.servlet.mvc.ParameterizableViewController]
2016-12-14 21:22:35,534 INFO [localhost-startStop-1] o.s.w.s.h.SimpleUrlHandlerMapping [AbstractUrlHandlerMapping.java:314] Mapped URL path [/**] onto handler 'org.springframework.web.servlet.resource.DefaultServletHttpRequestHandler#0'
2016-12-14 21:22:35,549 INFO [localhost-startStop-1] o.s.w.s.DispatcherServlet [FrameworkServlet.java:504] FrameworkServlet 'springDispatcher': initialization completed in 904 ms
2016-12-14 21:24:09,459 INFO [localhost-startStop-1] o.s.w.c.ContextLoader [ContextLoader.java:285] Root WebApplicationContext: initialization started
2016-12-14 21:24:09,500 INFO [localhost-startStop-1] o.s.w.c.s.XmlWebApplicationContext [AbstractApplicationContext.java:510] Refreshing Root WebApplicationContext: startup date [Wed Dec 14 21:24:09 CET 2016]; root of context hierarchy
2016-12-14 21:24:09,519 INFO [localhost-startStop-1] o.s.b.f.x.XmlBeanDefinitionReader [XmlBeanDefinitionReader.java:317] Loading XML bean definitions from class path resource [spring/business-config.xml]
2016-12-14 21:24:09,700 INFO [localhost-startStop-1] o.s.w.c.ContextLoader [ContextLoader.java:325] Root WebApplicationContext: initialization completed in 239 ms
2016-12-14 21:24:09,754 INFO [localhost-startStop-1] o.s.w.s.DispatcherServlet [FrameworkServlet.java:485] FrameworkServlet 'springDispatcher': initialization started
2016-12-14 21:24:09,755 INFO [localhost-startStop-1] o.s.w.c.s.XmlWebApplicationContext [AbstractApplicationContext.java:510] Refreshing WebApplicationContext for namespace 'springDispatcher-servlet': startup date [Wed Dec 14 21:24:09 CET 2016]; parent: Root WebApplicationContext
2016-12-14 21:24:09,756 INFO [localhost-startStop-1] o.s.b.f.x.XmlBeanDefinitionReader [XmlBeanDefinitionReader.java:317] Loading XML bean definitions from class path resource [spring/mvc-core-config.xml]
2016-12-14 21:24:09,778 INFO [localhost-startStop-1] o.s.b.f.x.XmlBeanDefinitionReader [XmlBeanDefinitionReader.java:317] Loading XML bean definitions from class path resource [spring/mvc-view-config.xml]
2016-12-14 21:24:10,153 INFO [localhost-startStop-1] o.s.w.s.m.m.a.RequestMappingHandlerMapping [AbstractHandlerMethodMapping.java:217] Mapped "{[/api/groups/{id}],methods=[GET]}" onto public mk.ukim.finki.wp.model.Group mk.ukim.finki.wp.web.GroupController.findById(java.lang.Long,javax.servlet.http.HttpSession)
2016-12-14 21:24:10,154 INFO [localhost-startStop-1] o.s.w.s.m.m.a.RequestMappingHandlerMapping [AbstractHandlerMethodMapping.java:217] Mapped "{[/api/groups],methods=[GET]}" onto public java.util.List<mk.ukim.finki.wp.model.Group> mk.ukim.finki.wp.web.GroupController.findAll(javax.servlet.http.HttpSession)
2016-12-14 21:24:10,154 INFO [localhost-startStop-1] o.s.w.s.m.m.a.RequestMappingHandlerMapping [AbstractHandlerMethodMapping.java:217] Mapped "{[/api/groups],methods=[PUT]}" onto public void mk.ukim.finki.wp.web.GroupController.update(mk.ukim.finki.wp.model.Group,javax.servlet.http.HttpSession)
2016-12-14 21:24:10,154 INFO [localhost-startStop-1] o.s.w.s.m.m.a.RequestMappingHandlerMapping [AbstractHandlerMethodMapping.java:217] Mapped "{[/api/groups/{id}],methods=[DELETE]}" onto public void mk.ukim.finki.wp.web.GroupController.delete(java.lang.Long,javax.servlet.http.HttpSession)
2016-12-14 21:24:10,154 INFO [localhost-startStop-1] o.s.w.s.m.m.a.RequestMappingHandlerMapping [AbstractHandlerMethodMapping.java:217] Mapped "{[/api/groups],methods=[POST]}" onto public void mk.ukim.finki.wp.web.GroupController.save(mk.ukim.finki.wp.model.Group,javax.servlet.http.HttpSession)
2016-12-14 21:24:10,155 INFO [localhost-startStop-1] o.s.w.s.m.m.a.RequestMappingHandlerMapping [AbstractHandlerMethodMapping.java:217] Mapped "{[/client],methods=[GET]}" onto public org.springframework.web.servlet.ModelAndView mk.ukim.finki.wp.web.PizzaOrderController.showClientInfo(java.lang.String,javax.servlet.http.HttpSession)
2016-12-14 21:24:10,155 INFO [localhost-startStop-1] o.s.w.s.m.m.a.RequestMappingHandlerMapping [AbstractHandlerMethodMapping.java:217] Mapped "{[/placeOrder],methods=[GET]}" onto public org.springframework.web.servlet.ModelAndView mk.ukim.finki.wp.web.PizzaOrderController.placeOrder(java.lang.String,java.lang.String,javax.servlet.http.HttpSession)
2016-12-14 21:24:10,155 INFO [localhost-startStop-1] o.s.w.s.m.m.a.RequestMappingHandlerMapping [AbstractHandlerMethodMapping.java:217] Mapped "{[],methods=[GET]}" onto public org.springframework.web.servlet.ModelAndView mk.ukim.finki.wp.web.PizzaOrderController.index()
2016-12-14 21:24:10,177 INFO [localhost-startStop-1] o.h.v.i.u.Version [Version.java:27] HV000001: Hibernate Validator 5.1.3.Final
2016-12-14 21:24:10,419 INFO [localhost-startStop-1] o.s.w.s.m.m.a.RequestMappingHandlerAdapter [RequestMappingHandlerAdapter.java:517] Looking for @ControllerAdvice: WebApplicationContext for namespace 'springDispatcher-servlet': startup date [Wed Dec 14 21:24:09 CET 2016]; parent: Root WebApplicationContext
2016-12-14 21:24:10,444 INFO [localhost-startStop-1] o.s.w.s.m.m.a.RequestMappingHandlerAdapter [RequestMappingHandlerAdapter.java:517] Looking for @ControllerAdvice: WebApplicationContext for namespace 'springDispatcher-servlet': startup date [Wed Dec 14 21:24:09 CET 2016]; parent: Root WebApplicationContext
2016-12-14 21:24:10,476 INFO [localhost-startStop-1] o.s.w.s.h.SimpleUrlHandlerMapping [AbstractUrlHandlerMapping.java:314] Mapped URL path [/**] onto handler 'org.springframework.web.servlet.resource.ResourceHttpRequestHandler#0'
2016-12-14 21:24:10,480 INFO [localhost-startStop-1] o.s.w.s.h.SimpleUrlHandlerMapping [AbstractUrlHandlerMapping.java:301] Root mapping to handler of type [class org.springframework.web.servlet.mvc.ParameterizableViewController]
2016-12-14 21:24:10,484 INFO [localhost-startStop-1] o.s.w.s.h.SimpleUrlHandlerMapping [AbstractUrlHandlerMapping.java:314] Mapped URL path [/**] onto handler 'org.springframework.web.servlet.resource.DefaultServletHttpRequestHandler#0'
2016-12-14 21:24:10,494 INFO [localhost-startStop-1] o.s.w.s.DispatcherServlet [FrameworkServlet.java:504] FrameworkServlet 'springDispatcher': initialization completed in 740 ms
2016-12-14 21:26:58,463 INFO [localhost-startStop-1] o.s.w.c.ContextLoader [ContextLoader.java:285] Root WebApplicationContext: initialization started
2016-12-14 21:26:58,507 INFO [localhost-startStop-1] o.s.w.c.s.XmlWebApplicationContext [AbstractApplicationContext.java:510] Refreshing Root WebApplicationContext: startup date [Wed Dec 14 21:26:58 CET 2016]; root of context hierarchy
2016-12-14 21:26:58,529 INFO [localhost-startStop-1] o.s.b.f.x.XmlBeanDefinitionReader [XmlBeanDefinitionReader.java:317] Loading XML bean definitions from class path resource [spring/business-config.xml]
2016-12-14 21:26:58,649 INFO [localhost-startStop-1] o.s.w.c.ContextLoader [ContextLoader.java:325] Root WebApplicationContext: initialization completed in 184 ms
2016-12-14 21:26:58,680 INFO [localhost-startStop-1] o.s.w.s.DispatcherServlet [FrameworkServlet.java:485] FrameworkServlet 'springDispatcher': initialization started
2016-12-14 21:26:58,682 INFO [localhost-startStop-1] o.s.w.c.s.XmlWebApplicationContext [AbstractApplicationContext.java:510] Refreshing WebApplicationContext for namespace 'springDispatcher-servlet': startup date [Wed Dec 14 21:26:58 CET 2016]; parent: Root WebApplicationContext
2016-12-14 21:26:58,683 INFO [localhost-startStop-1] o.s.b.f.x.XmlBeanDefinitionReader [XmlBeanDefinitionReader.java:317] Loading XML bean definitions from class path resource [spring/mvc-core-config.xml]
2016-12-14 21:26:58,703 INFO [localhost-startStop-1] o.s.b.f.x.XmlBeanDefinitionReader [XmlBeanDefinitionReader.java:317] Loading XML bean definitions from class path resource [spring/mvc-view-config.xml]
2016-12-14 21:26:59,068 INFO [localhost-startStop-1] o.s.w.s.m.m.a.RequestMappingHandlerMapping [AbstractHandlerMethodMapping.java:217] Mapped "{[/api/groups],methods=[GET]}" onto public java.util.List<mk.ukim.finki.wp.model.Group> mk.ukim.finki.wp.web.GroupController.findAll(javax.servlet.http.HttpSession)
2016-12-14 21:26:59,068 INFO [localhost-startStop-1] o.s.w.s.m.m.a.RequestMappingHandlerMapping [AbstractHandlerMethodMapping.java:217] Mapped "{[/api/groups/{id}],methods=[GET]}" onto public mk.ukim.finki.wp.model.Group mk.ukim.finki.wp.web.GroupController.findById(java.lang.Long,javax.servlet.http.HttpSession)
2016-12-14 21:26:59,068 INFO [localhost-startStop-1] o.s.w.s.m.m.a.RequestMappingHandlerMapping [AbstractHandlerMethodMapping.java:217] Mapped "{[/api/groups],methods=[PUT]}" onto public void mk.ukim.finki.wp.web.GroupController.update(mk.ukim.finki.wp.model.Group,javax.servlet.http.HttpSession)
2016-12-14 21:26:59,068 INFO [localhost-startStop-1] o.s.w.s.m.m.a.RequestMappingHandlerMapping [AbstractHandlerMethodMapping.java:217] Mapped "{[/api/groups/{id}],methods=[DELETE]}" onto public void mk.ukim.finki.wp.web.GroupController.delete(java.lang.Long,javax.servlet.http.HttpSession)
2016-12-14 21:26:59,069 INFO [localhost-startStop-1] o.s.w.s.m.m.a.RequestMappingHandlerMapping [AbstractHandlerMethodMapping.java:217] Mapped "{[/api/groups],methods=[POST]}" onto public void mk.ukim.finki.wp.web.GroupController.save(mk.ukim.finki.wp.model.Group,javax.servlet.http.HttpSession)
2016-12-14 21:26:59,069 INFO [localhost-startStop-1] o.s.w.s.m.m.a.RequestMappingHandlerMapping [AbstractHandlerMethodMapping.java:217] Mapped "{[/client],methods=[GET]}" onto public org.springframework.web.servlet.ModelAndView mk.ukim.finki.wp.web.PizzaOrderController.showClientInfo(java.lang.String,javax.servlet.http.HttpSession)
2016-12-14 21:26:59,069 INFO [localhost-startStop-1] o.s.w.s.m.m.a.RequestMappingHandlerMapping [AbstractHandlerMethodMapping.java:217] Mapped "{[/placeOrder],methods=[GET]}" onto public org.springframework.web.servlet.ModelAndView mk.ukim.finki.wp.web.PizzaOrderController.placeOrder(java.lang.String,java.lang.String,javax.servlet.http.HttpSession)
2016-12-14 21:26:59,069 INFO [localhost-startStop-1] o.s.w.s.m.m.a.RequestMappingHandlerMapping [AbstractHandlerMethodMapping.java:217] Mapped "{[],methods=[GET]}" onto public org.springframework.web.servlet.ModelAndView mk.ukim.finki.wp.web.PizzaOrderController.index()
2016-12-14 21:26:59,092 INFO [localhost-startStop-1] o.h.v.i.u.Version [Version.java:27] HV000001: Hibernate Validator 5.1.3.Final
2016-12-14 21:26:59,306 INFO [localhost-startStop-1] o.s.w.s.m.m.a.RequestMappingHandlerAdapter [RequestMappingHandlerAdapter.java:517] Looking for @ControllerAdvice: WebApplicationContext for namespace 'springDispatcher-servlet': startup date [Wed Dec 14 21:26:58 CET 2016]; parent: Root WebApplicationContext
2016-12-14 21:26:59,344 INFO [localhost-startStop-1] o.s.w.s.m.m.a.RequestMappingHandlerAdapter [RequestMappingHandlerAdapter.java:517] Looking for @ControllerAdvice: WebApplicationContext for namespace 'springDispatcher-servlet': startup date [Wed Dec 14 21:26:58 CET 2016]; parent: Root WebApplicationContext
2016-12-14 21:26:59,386 INFO [localhost-startStop-1] o.s.w.s.h.SimpleUrlHandlerMapping [AbstractUrlHandlerMapping.java:314] Mapped URL path [/**] onto handler 'org.springframework.web.servlet.resource.ResourceHttpRequestHandler#0'
2016-12-14 21:26:59,391 INFO [localhost-startStop-1] o.s.w.s.h.SimpleUrlHandlerMapping [AbstractUrlHandlerMapping.java:301] Root mapping to handler of type [class org.springframework.web.servlet.mvc.ParameterizableViewController]
2016-12-14 21:26:59,394 INFO [localhost-startStop-1] o.s.w.s.h.SimpleUrlHandlerMapping [AbstractUrlHandlerMapping.java:314] Mapped URL path [/**] onto handler 'org.springframework.web.servlet.resource.DefaultServletHttpRequestHandler#0'
2016-12-14 21:26:59,405 INFO [localhost-startStop-1] o.s.w.s.DispatcherServlet [FrameworkServlet.java:504] FrameworkServlet 'springDispatcher': initialization completed in 725 ms
2016-12-14 21:28:10,390 INFO [localhost-startStop-1] o.s.w.c.ContextLoader [ContextLoader.java:285] Root WebApplicationContext: initialization started
2016-12-14 21:28:10,447 INFO [localhost-startStop-1] o.s.w.c.s.XmlWebApplicationContext [AbstractApplicationContext.java:510] Refreshing Root WebApplicationContext: startup date [Wed Dec 14 21:28:10 CET 2016]; root of context hierarchy
2016-12-14 21:28:10,473 INFO [localhost-startStop-1] o.s.b.f.x.XmlBeanDefinitionReader [XmlBeanDefinitionReader.java:317] Loading XML bean definitions from class path resource [spring/business-config.xml]
2016-12-14 21:28:10,615 INFO [localhost-startStop-1] o.s.w.c.ContextLoader [ContextLoader.java:325] Root WebApplicationContext: initialization completed in 222 ms
2016-12-14 21:28:10,655 INFO [localhost-startStop-1] o.s.w.s.DispatcherServlet [FrameworkServlet.java:485] FrameworkServlet 'springDispatcher': initialization started
2016-12-14 21:28:10,658 INFO [localhost-startStop-1] o.s.w.c.s.XmlWebApplicationContext [AbstractApplicationContext.java:510] Refreshing WebApplicationContext for namespace 'springDispatcher-servlet': startup date [Wed Dec 14 21:28:10 CET 2016]; parent: Root WebApplicationContext
2016-12-14 21:28:10,659 INFO [localhost-startStop-1] o.s.b.f.x.XmlBeanDefinitionReader [XmlBeanDefinitionReader.java:317] Loading XML bean definitions from class path resource [spring/mvc-core-config.xml]
2016-12-14 21:28:10,691 INFO [localhost-startStop-1] o.s.b.f.x.XmlBeanDefinitionReader [XmlBeanDefinitionReader.java:317] Loading XML bean definitions from class path resource [spring/mvc-view-config.xml]
2016-12-14 21:28:11,158 INFO [localhost-startStop-1] o.s.w.s.m.m.a.RequestMappingHandlerMapping [AbstractHandlerMethodMapping.java:217] Mapped "{[/api/groups/{id}],methods=[GET]}" onto public mk.ukim.finki.wp.model.Group mk.ukim.finki.wp.web.GroupController.findById(java.lang.Long,javax.servlet.http.HttpSession)
2016-12-14 21:28:11,158 INFO [localhost-startStop-1] o.s.w.s.m.m.a.RequestMappingHandlerMapping [AbstractHandlerMethodMapping.java:217] Mapped "{[/api/groups],methods=[GET]}" onto public java.util.List<mk.ukim.finki.wp.model.Group> mk.ukim.finki.wp.web.GroupController.findAll(javax.servlet.http.HttpSession)
2016-12-14 21:28:11,158 INFO [localhost-startStop-1] o.s.w.s.m.m.a.RequestMappingHandlerMapping [AbstractHandlerMethodMapping.java:217] Mapped "{[/api/groups],methods=[PUT]}" onto public void mk.ukim.finki.wp.web.GroupController.update(mk.ukim.finki.wp.model.Group,javax.servlet.http.HttpSession)
2016-12-14 21:28:11,158 INFO [localhost-startStop-1] o.s.w.s.m.m.a.RequestMappingHandlerMapping [AbstractHandlerMethodMapping.java:217] Mapped "{[/api/groups/{id}],methods=[DELETE]}" onto public void mk.ukim.finki.wp.web.GroupController.delete(java.lang.Long,javax.servlet.http.HttpSession)
2016-12-14 21:28:11,158 INFO [localhost-startStop-1] o.s.w.s.m.m.a.RequestMappingHandlerMapping [AbstractHandlerMethodMapping.java:217] Mapped "{[/api/groups],methods=[POST]}" onto public void mk.ukim.finki.wp.web.GroupController.save(mk.ukim.finki.wp.model.Group,javax.servlet.http.HttpSession)
2016-12-14 21:28:11,159 INFO [localhost-startStop-1] o.s.w.s.m.m.a.RequestMappingHandlerMapping [AbstractHandlerMethodMapping.java:217] Mapped "{[/placeOrder],methods=[GET]}" onto public org.springframework.web.servlet.ModelAndView mk.ukim.finki.wp.web.PizzaOrderController.placeOrder(java.lang.String,java.lang.String,javax.servlet.http.HttpSession)
2016-12-14 21:28:11,159 INFO [localhost-startStop-1] o.s.w.s.m.m.a.RequestMappingHandlerMapping [AbstractHandlerMethodMapping.java:217] Mapped "{[/client],methods=[GET]}" onto public org.springframework.web.servlet.ModelAndView mk.ukim.finki.wp.web.PizzaOrderController.showClientInfo(java.lang.String,javax.servlet.http.HttpSession)
2016-12-14 21:28:11,160 INFO [localhost-startStop-1] o.s.w.s.m.m.a.RequestMappingHandlerMapping [AbstractHandlerMethodMapping.java:217] Mapped "{[],methods=[GET]}" onto public org.springframework.web.servlet.ModelAndView mk.ukim.finki.wp.web.PizzaOrderController.index()
2016-12-14 21:28:11,188 INFO [localhost-startStop-1] o.h.v.i.u.Version [Version.java:27] HV000001: Hibernate Validator 5.1.3.Final
2016-12-14 21:28:11,500 INFO [localhost-startStop-1] o.s.w.s.m.m.a.RequestMappingHandlerAdapter [RequestMappingHandlerAdapter.java:517] Looking for @ControllerAdvice: WebApplicationContext for namespace 'springDispatcher-servlet': startup date [Wed Dec 14 21:28:10 CET 2016]; parent: Root WebApplicationContext
2016-12-14 21:28:11,532 INFO [localhost-startStop-1] o.s.w.s.m.m.a.RequestMappingHandlerAdapter [RequestMappingHandlerAdapter.java:517] Looking for @ControllerAdvice: WebApplicationContext for namespace 'springDispatcher-servlet': startup date [Wed Dec 14 21:28:10 CET 2016]; parent: Root WebApplicationContext
2016-12-14 21:28:11,580 INFO [localhost-startStop-1] o.s.w.s.h.SimpleUrlHandlerMapping [AbstractUrlHandlerMapping.java:314] Mapped URL path [/**] onto handler 'org.springframework.web.servlet.resource.ResourceHttpRequestHandler#0'
2016-12-14 21:28:11,586 INFO [localhost-startStop-1] o.s.w.s.h.SimpleUrlHandlerMapping [AbstractUrlHandlerMapping.java:301] Root mapping to handler of type [class org.springframework.web.servlet.mvc.ParameterizableViewController]
2016-12-14 21:28:11,590 INFO [localhost-startStop-1] o.s.w.s.h.SimpleUrlHandlerMapping [AbstractUrlHandlerMapping.java:314] Mapped URL path [/**] onto handler 'org.springframework.web.servlet.resource.DefaultServletHttpRequestHandler#0'
2016-12-14 21:28:11,605 INFO [localhost-startStop-1] o.s.w.s.DispatcherServlet [FrameworkServlet.java:504] FrameworkServlet 'springDispatcher': initialization completed in 950 ms
2016-12-14 21:29:50,393 WARN [http-bio-8080-exec-7] o.s.w.s.PageNotFound [DefaultHandlerExceptionResolver.java:198] Request method 'DELETE' not supported
2016-12-14 21:30:38,660 WARN [http-bio-8080-exec-2] o.s.w.s.PageNotFound [DefaultHandlerExceptionResolver.java:198] Request method 'POST' not supported
2016-12-14 21:30:59,794 WARN [http-bio-8080-exec-3] o.s.w.s.PageNotFound [DefaultHandlerExceptionResolver.java:198] Request method 'POST' not supported
2016-12-14 21:33:42,756 WARN [http-bio-8080-exec-8] o.s.w.s.PageNotFound [DefaultHandlerExceptionResolver.java:198] Request method 'PUT' not supported
2016-12-14 21:34:56,604 WARN [http-bio-8080-exec-2] o.s.w.s.PageNotFound [DefaultHandlerExceptionResolver.java:198] Request method 'POST' not supported
